2024-06-11T00:18:06.587-05:00  INFO 21252 --- [main] edu.miu.bank.Lab2PartCApplication        : Starting Lab2PartCApplication using Java 22.0.1 with PID 21252 (D:\EA\Lab\Lab13\Lab13PartA\target\classes started by mkoner in D:\EA\Lab\Lab13\Lab13PartA)
2024-06-11T00:18:06.589-05:00  INFO 21252 --- [main] edu.miu.bank.Lab2PartCApplication        : No active profile set, falling back to 1 default profile: "default"
2024-06-11T00:18:10.891-05:00  INFO 21252 --- [main] edu.miu.bank.Lab2PartCApplication        : Started Lab2PartCApplication in 4.963 seconds (process running for 5.908)
2024-06-11T00:25:52.213-05:00  INFO 4920 --- [main] edu.miu.bank.Lab2PartCApplication        : Starting Lab2PartCApplication using Java 22.0.1 with PID 4920 (D:\EA\Lab\Lab13\Lab13PartA\target\classes started by mkoner in D:\EA\Lab\Lab13\Lab13PartA)
2024-06-11T00:25:52.224-05:00  INFO 4920 --- [main] edu.miu.bank.Lab2PartCApplication        : No active profile set, falling back to 1 default profile: "default"
2024-06-11T00:25:53.078-05:00  INFO 4920 --- [main] .s.d.r.c.RepositoryConfigurationDelegate : Multiple Spring Data modules found, entering strict repository configuration mode
2024-06-11T00:25:53.080-05:00  INFO 4920 --- [main] .s.d.r.c.RepositoryConfigurationDelegate : Bootstrapping Spring Data JPA repositories in DEFAULT mode.
2024-06-11T00:25:53.111-05:00  INFO 4920 --- [main] .RepositoryConfigurationExtensionSupport : Spring Data JPA - Could not safely identify store assignment for repository candidate interface edu.miu.bank.repository.AccountRepository; If you want this repository to be a JPA repository, consider annotating your entities with one of these annotations: jakarta.persistence.Entity, jakarta.persistence.MappedSuperclass (preferred), or consider extending one of the following types with your repository: org.springframework.data.jpa.repository.JpaRepository
2024-06-11T00:25:53.112-05:00  INFO 4920 --- [main] .s.d.r.c.RepositoryConfigurationDelegate : Finished Spring Data repository scanning in 26 ms. Found 0 JPA repository interfaces.
2024-06-11T00:25:53.165-05:00  INFO 4920 --- [main] .s.d.r.c.RepositoryConfigurationDelegate : Multiple Spring Data modules found, entering strict repository configuration mode
2024-06-11T00:25:53.166-05:00  INFO 4920 --- [main] .s.d.r.c.RepositoryConfigurationDelegate : Bootstrapping Spring Data MongoDB repositories in DEFAULT mode.
2024-06-11T00:25:53.209-05:00  INFO 4920 --- [main] .s.d.r.c.RepositoryConfigurationDelegate : Finished Spring Data repository scanning in 43 ms. Found 1 MongoDB repository interface.
2024-06-11T00:25:53.904-05:00  INFO 4920 --- [main] o.s.b.w.embedded.tomcat.TomcatWebServer  : Tomcat initialized with port 8080 (http)
2024-06-11T00:25:53.962-05:00  INFO 4920 --- [main] w.s.c.ServletWebServerApplicationContext : Root WebApplicationContext: initialization completed in 1646 ms
2024-06-11T00:25:54.554-05:00  INFO 4920 --- [main] o.s.o.j.p.SpringPersistenceUnitInfo      : No LoadTimeWeaver setup: ignoring JPA class transformer
2024-06-11T00:25:55.063-05:00  INFO 4920 --- [main] j.LocalContainerEntityManagerFactoryBean : Initialized JPA EntityManagerFactory for persistence unit 'default'
2024-06-11T00:25:55.760-05:00  WARN 4920 --- [main] JpaBaseConfiguration$JpaWebConfiguration : spring.jpa.open-in-view is enabled by default. Therefore, database queries may be performed during view rendering. Explicitly configure spring.jpa.open-in-view to disable this warning
2024-06-11T00:25:56.451-05:00  INFO 4920 --- [main] o.s.b.w.embedded.tomcat.TomcatWebServer  : Tomcat started on port 8080 (http) with context path '/'
2024-06-11T00:25:56.651-05:00  INFO 4920 --- [main] edu.miu.bank.Lab2PartCApplication        : Started Lab2PartCApplication in 4.975 seconds (process running for 5.732)
2024-06-11T00:25:57.252-05:00  INFO 4920 --- [org.springframework.kafka.KafkaListenerEndpointContainer#1-0-C-1] o.s.k.l.KafkaMessageListenerContainer    : gid: partitions assigned: [new-account-0]
2024-06-11T00:25:57.252-05:00  INFO 4920 --- [org.springframework.kafka.KafkaListenerEndpointContainer#0-0-C-1] o.s.k.l.KafkaMessageListenerContainer    : gid: partitions assigned: [new-transaction-0]
2024-06-11T00:28:00.174-05:00  INFO 4920 --- [org.springframework.kafka.KafkaListenerEndpointContainer#0-0-C-1] o.s.k.l.KafkaMessageListenerContainer    : gid: partitions revoked: [new-transaction-0]
2024-06-11T00:28:00.174-05:00  INFO 4920 --- [org.springframework.kafka.KafkaListenerEndpointContainer#1-0-C-1] o.s.k.l.KafkaMessageListenerContainer    : gid: partitions revoked: [new-account-0]
2024-06-11T00:28:00.282-05:00  INFO 4920 --- [org.springframework.kafka.KafkaListenerEndpointContainer#1-0-C-1] o.s.k.l.KafkaMessageListenerContainer    : gid: Consumer stopped
2024-06-11T00:28:00.343-05:00  INFO 4920 --- [org.springframework.kafka.KafkaListenerEndpointContainer#0-0-C-1] o.s.k.l.KafkaMessageListenerContainer    : gid: Consumer stopped
2024-06-11T00:28:00.364-05:00  INFO 4920 --- [SpringApplicationShutdownHook] j.LocalContainerEntityManagerFactoryBean : Closing JPA EntityManagerFactory for persistence unit 'default'
2024-06-11T00:28:04.761-05:00  INFO 1360 --- [main] edu.miu.bank.Lab2PartCApplication        : Starting Lab2PartCApplication using Java 22.0.1 with PID 1360 (D:\EA\Lab\Lab13\Lab13PartA\target\classes started by mkoner in D:\EA\Lab\Lab13\Lab13PartA)
2024-06-11T00:28:04.764-05:00  INFO 1360 --- [main] edu.miu.bank.Lab2PartCApplication        : No active profile set, falling back to 1 default profile: "default"
2024-06-11T00:28:08.719-05:00  INFO 1360 --- [main] edu.miu.bank.Lab2PartCApplication        : Started Lab2PartCApplication in 4.49 seconds (process running for 5.322)
2024-06-11T00:28:48.081-05:00  INFO 19288 --- [main] edu.miu.bank.Lab2PartCApplication        : Starting Lab2PartCApplication using Java 22.0.1 with PID 19288 (D:\EA\Lab\Lab13\Lab13PartA\target\classes started by mkoner in D:\EA\Lab\Lab13\Lab13PartA)
2024-06-11T00:28:48.083-05:00  INFO 19288 --- [main] edu.miu.bank.Lab2PartCApplication        : No active profile set, falling back to 1 default profile: "default"
2024-06-11T00:28:51.814-05:00  INFO 19288 --- [main] edu.miu.bank.Lab2PartCApplication        : Started Lab2PartCApplication in 4.308 seconds (process running for 5.176)
2024-06-11T00:30:34.932-05:00  INFO 24796 --- [main] edu.miu.bank.Lab2PartCApplication        : Starting Lab2PartCApplication using Java 22.0.1 with PID 24796 (D:\EA\Lab\Lab13\Lab13PartA\target\classes started by mkoner in D:\EA\Lab\Lab13\Lab13PartA)
2024-06-11T00:30:34.934-05:00  INFO 24796 --- [main] edu.miu.bank.Lab2PartCApplication        : No active profile set, falling back to 1 default profile: "default"
2024-06-11T00:30:39.168-05:00  INFO 24796 --- [main] edu.miu.bank.Lab2PartCApplication        : Started Lab2PartCApplication in 4.797 seconds (process running for 5.509)
2024-06-11T00:34:57.107-05:00  INFO 19880 --- [main] edu.miu.bank.Lab2PartCApplication        : Starting Lab2PartCApplication using Java 22.0.1 with PID 19880 (D:\EA\Lab\Lab13\Lab13PartA\target\classes started by mkoner in D:\EA\Lab\Lab13\Lab13PartA)
2024-06-11T00:34:57.111-05:00  INFO 19880 --- [main] edu.miu.bank.Lab2PartCApplication        : No active profile set, falling back to 1 default profile: "default"
2024-06-11T00:35:03.125-05:00  INFO 19880 --- [main] edu.miu.bank.Lab2PartCApplication        : Started Lab2PartCApplication in 6.822 seconds (process running for 7.79)
2024-06-11T00:35:03.179-05:00  INFO 19880 --- [main] e.m.bank.integration.logging.LoggerImpl  : Calling Method: save
2024-06-11T00:35:03.268-05:00  INFO 19880 --- [main] e.m.bank.integration.logging.LoggerImpl  : createAccount with parameters accountNumber= 1263862 , customerName= Frank Brown
2024-06-11T00:35:03.275-05:00  INFO 19880 --- [main] e.m.bank.integration.logging.LoggerImpl  : Calling Method: save
2024-06-11T00:35:03.277-05:00  INFO 19880 --- [main] e.m.bank.integration.logging.LoggerImpl  : createAccount with parameters accountNumber= 4253892 , customerName= John Doe
2024-06-11T00:35:03.280-05:00  INFO 19880 --- [main] e.m.bank.integration.logging.LoggerImpl  : Calling Method: findById
2024-06-11T00:35:03.314-05:00  INFO 19880 --- [main] e.m.bank.integration.logging.LoggerImpl  : Calling Method: save
2024-06-11T00:35:03.321-05:00  INFO 19880 --- [main] e.m.bank.integration.logging.LoggerImpl  : deposit with parameters accountNumber= 1263862 , amount= 240.0
2024-06-11T00:35:03.323-05:00  INFO 19880 --- [main] e.m.bank.integration.logging.LoggerImpl  : Calling Method: findById
2024-06-11T00:35:03.327-05:00  INFO 19880 --- [main] e.m.bank.integration.logging.LoggerImpl  : Calling Method: save
2024-06-11T00:35:03.332-05:00  INFO 19880 --- [main] e.m.bank.integration.logging.LoggerImpl  : deposit with parameters accountNumber= 1263862 , amount= 529.0
2024-06-11T00:35:03.335-05:00  INFO 19880 --- [main] e.m.bank.integration.logging.LoggerImpl  : Calling Method: findById
2024-06-11T00:35:03.342-05:00  INFO 19880 --- [main] e.m.bank.integration.logging.LoggerImpl  : Calling Method: save
2024-06-11T00:35:03.351-05:00  INFO 19880 --- [main] e.m.bank.integration.logging.LoggerImpl  : withdrawEuros with parameters accountNumber= 1263862 , amount= 230.0
2024-06-11T00:35:03.355-05:00  INFO 19880 --- [main] e.m.bank.integration.logging.LoggerImpl  : Calling Method: findById
2024-06-11T00:35:03.360-05:00  INFO 19880 --- [main] e.m.bank.integration.logging.LoggerImpl  : Calling Method: save
2024-06-11T00:35:03.366-05:00  INFO 19880 --- [main] e.m.bank.integration.logging.LoggerImpl  : deposit with parameters accountNumber= 4253892 , amount= 12450.0
2024-06-11T00:35:03.666-05:00  INFO 19880 --- [main] e.m.bank.integration.logging.LoggerImpl  : JMS message sent: Deposit of $ 12450.0 to account with accountNumber= 4253892
2024-06-11T00:35:03.671-05:00  INFO 19880 --- [main] e.m.bank.integration.logging.LoggerImpl  : Calling Method: findById
2024-06-11T00:35:03.673-05:00  INFO 19880 --- [main] e.m.bank.integration.logging.LoggerImpl  : Calling Method: save
2024-06-11T00:35:03.677-05:00  INFO 19880 --- [main] e.m.bank.integration.logging.LoggerImpl  : depositEuros with parameters accountNumber= 4253892 , amount= 200.0
2024-06-11T00:35:03.680-05:00  INFO 19880 --- [main] e.m.bank.integration.logging.LoggerImpl  : Calling Method: findById
2024-06-11T00:35:03.683-05:00  INFO 19880 --- [main] e.m.bank.integration.logging.LoggerImpl  : Calling Method: findById
2024-06-11T00:35:03.686-05:00  INFO 19880 --- [main] e.m.bank.integration.logging.LoggerImpl  : Calling Method: save
2024-06-11T00:35:03.689-05:00  INFO 19880 --- [main] e.m.bank.integration.logging.LoggerImpl  : Calling Method: save
2024-06-11T00:35:03.695-05:00  INFO 19880 --- [main] e.m.bank.integration.logging.LoggerImpl  : transferFunds with parameters fromAccountNumber= 4253892 , toAccountNumber= 1263862 , amount= 100.0 , description= payment of invoice 10232
2024-06-11T00:35:36.324-05:00  INFO 6432 --- [main] edu.miu.bank.Lab2PartCApplication        : Starting Lab2PartCApplication using Java 22.0.1 with PID 6432 (D:\EA\Lab\Lab13\Lab13PartA\target\classes started by mkoner in D:\EA\Lab\Lab13\Lab13PartA)
2024-06-11T00:35:36.326-05:00  INFO 6432 --- [main] edu.miu.bank.Lab2PartCApplication        : No active profile set, falling back to 1 default profile: "default"
2024-06-11T00:35:40.992-05:00  INFO 6432 --- [main] edu.miu.bank.Lab2PartCApplication        : Started Lab2PartCApplication in 5.228 seconds (process running for 6.003)
2024-06-11T00:35:41.076-05:00  INFO 6432 --- [main] e.m.bank.integration.logging.LoggerImpl  : Calling Method: save
2024-06-11T00:35:41.178-05:00  INFO 6432 --- [main] e.m.bank.integration.logging.LoggerImpl  : createAccount with parameters accountNumber= 1263862 , customerName= Frank Brown
2024-06-11T00:35:41.185-05:00  INFO 6432 --- [main] e.m.bank.integration.logging.LoggerImpl  : Calling Method: save
2024-06-11T00:35:41.189-05:00  INFO 6432 --- [main] e.m.bank.integration.logging.LoggerImpl  : createAccount with parameters accountNumber= 4253892 , customerName= John Doe
2024-06-11T00:35:41.194-05:00  INFO 6432 --- [main] e.m.bank.integration.logging.LoggerImpl  : Calling Method: findById
2024-06-11T00:35:41.271-05:00  INFO 6432 --- [main] e.m.bank.integration.logging.LoggerImpl  : Calling Method: save
2024-06-11T00:35:41.284-05:00  INFO 6432 --- [main] e.m.bank.integration.logging.LoggerImpl  : deposit with parameters accountNumber= 1263862 , amount= 240.0
2024-06-11T00:35:41.288-05:00  INFO 6432 --- [main] e.m.bank.integration.logging.LoggerImpl  : Calling Method: findById
2024-06-11T00:35:41.296-05:00  INFO 6432 --- [main] e.m.bank.integration.logging.LoggerImpl  : Calling Method: save
2024-06-11T00:35:41.304-05:00  INFO 6432 --- [main] e.m.bank.integration.logging.LoggerImpl  : deposit with parameters accountNumber= 1263862 , amount= 529.0
2024-06-11T00:35:41.306-05:00  INFO 6432 --- [main] e.m.bank.integration.logging.LoggerImpl  : Calling Method: findById
2024-06-11T00:35:41.311-05:00  INFO 6432 --- [main] e.m.bank.integration.logging.LoggerImpl  : Calling Method: save
2024-06-11T00:35:41.316-05:00  INFO 6432 --- [main] e.m.bank.integration.logging.LoggerImpl  : withdrawEuros with parameters accountNumber= 1263862 , amount= 230.0
2024-06-11T00:35:41.319-05:00  INFO 6432 --- [main] e.m.bank.integration.logging.LoggerImpl  : Calling Method: findById
2024-06-11T00:35:41.322-05:00  INFO 6432 --- [main] e.m.bank.integration.logging.LoggerImpl  : Calling Method: save
2024-06-11T00:35:41.325-05:00  INFO 6432 --- [main] e.m.bank.integration.logging.LoggerImpl  : deposit with parameters accountNumber= 4253892 , amount= 12450.0
2024-06-11T00:35:41.758-05:00  INFO 6432 --- [main] e.m.bank.integration.logging.LoggerImpl  : JMS message sent: Deposit of $ 12450.0 to account with accountNumber= 4253892
2024-06-11T00:35:41.764-05:00  INFO 6432 --- [main] e.m.bank.integration.logging.LoggerImpl  : Calling Method: findById
2024-06-11T00:35:41.772-05:00  INFO 6432 --- [main] e.m.bank.integration.logging.LoggerImpl  : Calling Method: save
2024-06-11T00:35:41.779-05:00  INFO 6432 --- [main] e.m.bank.integration.logging.LoggerImpl  : depositEuros with parameters accountNumber= 4253892 , amount= 200.0
2024-06-11T00:35:41.786-05:00  INFO 6432 --- [main] e.m.bank.integration.logging.LoggerImpl  : Calling Method: findById
2024-06-11T00:35:41.793-05:00  INFO 6432 --- [main] e.m.bank.integration.logging.LoggerImpl  : Calling Method: findById
2024-06-11T00:35:41.797-05:00  INFO 6432 --- [main] e.m.bank.integration.logging.LoggerImpl  : Calling Method: save
2024-06-11T00:35:41.807-05:00  INFO 6432 --- [main] e.m.bank.integration.logging.LoggerImpl  : Calling Method: save
2024-06-11T00:35:41.823-05:00  INFO 6432 --- [main] e.m.bank.integration.logging.LoggerImpl  : transferFunds with parameters fromAccountNumber= 4253892 , toAccountNumber= 1263862 , amount= 100.0 , description= payment of invoice 10232
